Starting with seed 1
Init for Schaffer
Init sa
?!+?!+??+??+???+?+?+??!+??+??+??+?+?!+??+??+??+.??+??+
140.68 - 380620683.896 - ?+????+?+?+?+?+????+?+?+?.?+?+?+??+.???+?.?+?+??+?
140.68 - 380620683.896 - +???+??+..?+??+!??+.?!+?.??+??+?+?.??+????+..?+?+?+?
-74.0 - 31629376.0 - ??+??+???+?+?+??+?.?+???+??+?+???+?+???+?+...??+!.?
10.22 - 7057.41127056 - ?+????+??+?+?+.?+??+??.?+?.?+?.?+??+.??+.?.?+?+?+?
10.22 - 7057.41127056 - ?+.??+???+??+?+??+???.?+..??+.?????+??..??.?+?+???
10.22 - 7057.41127056 - ?+..???+?.?+.??+??+?+???+?+??+?+??+.??+.?.?+??+...
10.22 - 7057.41127056 - ?+???+????+?..???+.?.?+.??+..?+.?+????+.?+??...?+.
10.22 - 7057.41127056 - ...?+?+?.?+?+..???????.?+.?.??+...?+...??+??+??+..
10.22 - 7057.41127056 - ??+..?+?.?+??+?+??+.?+?+.?.?...?+?+?.?+??+??+?.?+.
10.22 - 7057.41127056 - ?.....??+?+??.?+.??+???+.......?+.?+?+.?...?+???+?
10.22 - 7057.41127056 - ....?+?..?+.?+.?+?+?.?+?.?.?+.?.......?+.??+...?+.
10.22 - 7057.41127056 - ...?.?+...?.....?+...?.....?+......?.?.???+?+....?
10.22 - 7057.41127056 - +?....?+......??...?..?+.....?..??+..??+.?..?.....
10.22 - 7057.41127056 - ?+..?+.?..?..?+......?+?+.?.......?+.....?+....?..
10.22 - 7057.41127056 - ..............?+?..??+........?......?..?+..?.?+.?
10.22 - 7057.41127056 - .?...?+....??.?..?+..........?+..?+.......?..?+...
10.22 - 7057.41127056 - .......?+.??+.....................................
10.22 - 7057.41127056 - ......?+.......................?..................
10.22 - 7057.41127056 - ..................................................
10.22 - 7057.41127056 - Best is point [10.219999999999999] energy [7057.411270559996]Init for Schaffer
in mws
Init for Osyczka2
Init sa
